<?xml version="1.0" encoding="UTF-8"?>
<!-- Generated by org.testng.reporters.JUnitReportReporter -->
<testsuite hostname="Vivek" failures="0" tests="2" name="TestNG.Guru99login" time="12.891" errors="0" timestamp="2021-02-03T10:42:49 CST" skipped="0">
  <testcase classname="TestNG.Guru99login" name="launchBrowser" time="11.621"/>
  <system-out/>
  <testcase classname="TestNG.Guru99login" name="AutoLoanCalc" time="1.270"/>
  <system-out/>
</testsuite> <!-- TestNG.Guru99login -->
