<?xml version="1.0" encoding="UTF-8"?>
<!-- Generated by org.testng.reporters.JUnitReportReporter -->
<testsuite hostname="Vivek" failures="0" tests="2" name="TestNG.AutoLoanCalcTest" time="20.024" errors="0" timestamp="2021-02-04T11:33:12 CST" skipped="0">
  <testcase classname="TestNG.AutoLoanCalcTest" name="launchBrowser" time="13.914"/>
  <system-out/>
  <testcase classname="TestNG.AutoLoanCalcTest" name="AutoLoanCalc" time="6.110"/>
  <system-out/>
</testsuite> <!-- TestNG.AutoLoanCalcTest -->
