<?xml version="1.0" encoding="UTF-8"?>
<!-- Generated by org.testng.reporters.JUnitReportReporter -->
<testsuite hostname="Vivek" failures="0" tests="3" name="TestNG.NewTest" time="0.020" errors="0" timestamp="2021-01-31T11:13:31 CST" skipped="0">
  <testcase classname="TestNG.NewTest" name="d_method" time="0.006"/>
  <system-out/>
  <testcase classname="TestNG.NewTest" name="b_method" time="0.004"/>
  <system-out/>
  <testcase classname="TestNG.NewTest" name="e_method" time="0.010"/>
  <system-out/>
</testsuite> <!-- TestNG.NewTest -->
